
                                 Formality (R)

               Version L-2016.03-SP1 for linux64 - Apr 13, 2016 

                    Copyright (c) 1988 - 2016 Synopsys, Inc.
   This software and the associated documentation are proprietary to Synopsys,
 Inc. This software may only be used in accordance with the terms and conditions
 of a written license agreement with Synopsys, Inc. All other use, reproduction,
            or distribution of this software is strictly prohibited.

  ** Highlights of Formality (R) Version L-2016.03 **
   - New alternate verification strategies for resolving inconclusive verifications
   - Automation for deploying alternate strategies
   - New command to export the mapping of reference to implementation registers
   - New capability to combine PG and low power information from db libraries with Verilog functional models

   * Please refer to the Formality Release Notes for details and additional enhancements

Build: 4031317
Hostname: IC (RHEL64)
Current time: Mon Oct 21 04:02:41 2024

Loading db file '/opt/Synopsys/Formality2016/libraries/syn/gtech.db'
############################  Search PATH ################################
lappend search_path /home/IC/tsmc_fb_cl013g_sc/aci/sc-m/synopsys
/home/IC/tsmc_fb_cl013g_sc/aci/sc-m/synopsys
lappend search_path /home/IC/Projects/System/RTL/ALU
/home/IC/tsmc_fb_cl013g_sc/aci/sc-m/synopsys /home/IC/Projects/System/RTL/ALU
lappend search_path /home/IC/Projects/System/RTL/ASYNC_FIFO
/home/IC/tsmc_fb_cl013g_sc/aci/sc-m/synopsys /home/IC/Projects/System/RTL/ALU /home/IC/Projects/System/RTL/ASYNC_FIFO
lappend search_path /home/IC/Projects/System/RTL/CLKDIV_MUX
/home/IC/tsmc_fb_cl013g_sc/aci/sc-m/synopsys /home/IC/Projects/System/RTL/ALU /home/IC/Projects/System/RTL/ASYNC_FIFO /home/IC/Projects/System/RTL/CLKDIV_MUX
lappend search_path /home/IC/Projects/System/RTL/Clock_Divider
/home/IC/tsmc_fb_cl013g_sc/aci/sc-m/synopsys /home/IC/Projects/System/RTL/ALU /home/IC/Projects/System/RTL/ASYNC_FIFO /home/IC/Projects/System/RTL/CLKDIV_MUX /home/IC/Projects/System/RTL/Clock_Divider
lappend search_path /home/IC/Projects/System/RTL/Clock_Gating
/home/IC/tsmc_fb_cl013g_sc/aci/sc-m/synopsys /home/IC/Projects/System/RTL/ALU /home/IC/Projects/System/RTL/ASYNC_FIFO /home/IC/Projects/System/RTL/CLKDIV_MUX /home/IC/Projects/System/RTL/Clock_Divider /home/IC/Projects/System/RTL/Clock_Gating
lappend search_path /home/IC/Projects/System/RTL/DATA_SYNC
/home/IC/tsmc_fb_cl013g_sc/aci/sc-m/synopsys /home/IC/Projects/System/RTL/ALU /home/IC/Projects/System/RTL/ASYNC_FIFO /home/IC/Projects/System/RTL/CLKDIV_MUX /home/IC/Projects/System/RTL/Clock_Divider /home/IC/Projects/System/RTL/Clock_Gating /home/IC/Projects/System/RTL/DATA_SYNC
lappend search_path /home/IC/Projects/System/RTL/RegFile
/home/IC/tsmc_fb_cl013g_sc/aci/sc-m/synopsys /home/IC/Projects/System/RTL/ALU /home/IC/Projects/System/RTL/ASYNC_FIFO /home/IC/Projects/System/RTL/CLKDIV_MUX /home/IC/Projects/System/RTL/Clock_Divider /home/IC/Projects/System/RTL/Clock_Gating /home/IC/Projects/System/RTL/DATA_SYNC /home/IC/Projects/System/RTL/RegFile
lappend search_path /home/IC/Projects/System/RTL/PULSE_GEN
/home/IC/tsmc_fb_cl013g_sc/aci/sc-m/synopsys /home/IC/Projects/System/RTL/ALU /home/IC/Projects/System/RTL/ASYNC_FIFO /home/IC/Projects/System/RTL/CLKDIV_MUX /home/IC/Projects/System/RTL/Clock_Divider /home/IC/Projects/System/RTL/Clock_Gating /home/IC/Projects/System/RTL/DATA_SYNC /home/IC/Projects/System/RTL/RegFile /home/IC/Projects/System/RTL/PULSE_GEN
lappend search_path /home/IC/Projects/System/RTL/RST_SYNC
/home/IC/tsmc_fb_cl013g_sc/aci/sc-m/synopsys /home/IC/Projects/System/RTL/ALU /home/IC/Projects/System/RTL/ASYNC_FIFO /home/IC/Projects/System/RTL/CLKDIV_MUX /home/IC/Projects/System/RTL/Clock_Divider /home/IC/Projects/System/RTL/Clock_Gating /home/IC/Projects/System/RTL/DATA_SYNC /home/IC/Projects/System/RTL/RegFile /home/IC/Projects/System/RTL/PULSE_GEN /home/IC/Projects/System/RTL/RST_SYNC
lappend search_path /home/IC/Projects/System/RTL/SYS_CTRL
/home/IC/tsmc_fb_cl013g_sc/aci/sc-m/synopsys /home/IC/Projects/System/RTL/ALU /home/IC/Projects/System/RTL/ASYNC_FIFO /home/IC/Projects/System/RTL/CLKDIV_MUX /home/IC/Projects/System/RTL/Clock_Divider /home/IC/Projects/System/RTL/Clock_Gating /home/IC/Projects/System/RTL/DATA_SYNC /home/IC/Projects/System/RTL/RegFile /home/IC/Projects/System/RTL/PULSE_GEN /home/IC/Projects/System/RTL/RST_SYNC /home/IC/Projects/System/RTL/SYS_CTRL
lappend search_path /home/IC/Projects/System/RTL/UART/UART_RX
/home/IC/tsmc_fb_cl013g_sc/aci/sc-m/synopsys /home/IC/Projects/System/RTL/ALU /home/IC/Projects/System/RTL/ASYNC_FIFO /home/IC/Projects/System/RTL/CLKDIV_MUX /home/IC/Projects/System/RTL/Clock_Divider /home/IC/Projects/System/RTL/Clock_Gating /home/IC/Projects/System/RTL/DATA_SYNC /home/IC/Projects/System/RTL/RegFile /home/IC/Projects/System/RTL/PULSE_GEN /home/IC/Projects/System/RTL/RST_SYNC /home/IC/Projects/System/RTL/SYS_CTRL /home/IC/Projects/System/RTL/UART/UART_RX
lappend search_path /home/IC/Projects/System/RTL/UART/UART_TX
/home/IC/tsmc_fb_cl013g_sc/aci/sc-m/synopsys /home/IC/Projects/System/RTL/ALU /home/IC/Projects/System/RTL/ASYNC_FIFO /home/IC/Projects/System/RTL/CLKDIV_MUX /home/IC/Projects/System/RTL/Clock_Divider /home/IC/Projects/System/RTL/Clock_Gating /home/IC/Projects/System/RTL/DATA_SYNC /home/IC/Projects/System/RTL/RegFile /home/IC/Projects/System/RTL/PULSE_GEN /home/IC/Projects/System/RTL/RST_SYNC /home/IC/Projects/System/RTL/SYS_CTRL /home/IC/Projects/System/RTL/UART/UART_RX /home/IC/Projects/System/RTL/UART/UART_TX
lappend search_path /home/IC/Projects/System/RTL/UART/UART_TOP
/home/IC/tsmc_fb_cl013g_sc/aci/sc-m/synopsys /home/IC/Projects/System/RTL/ALU /home/IC/Projects/System/RTL/ASYNC_FIFO /home/IC/Projects/System/RTL/CLKDIV_MUX /home/IC/Projects/System/RTL/Clock_Divider /home/IC/Projects/System/RTL/Clock_Gating /home/IC/Projects/System/RTL/DATA_SYNC /home/IC/Projects/System/RTL/RegFile /home/IC/Projects/System/RTL/PULSE_GEN /home/IC/Projects/System/RTL/RST_SYNC /home/IC/Projects/System/RTL/SYS_CTRL /home/IC/Projects/System/RTL/UART/UART_RX /home/IC/Projects/System/RTL/UART/UART_TX /home/IC/Projects/System/RTL/UART/UART_TOP
lappend search_path /home/IC/Projects/System/RTL/TOP
/home/IC/tsmc_fb_cl013g_sc/aci/sc-m/synopsys /home/IC/Projects/System/RTL/ALU /home/IC/Projects/System/RTL/ASYNC_FIFO /home/IC/Projects/System/RTL/CLKDIV_MUX /home/IC/Projects/System/RTL/Clock_Divider /home/IC/Projects/System/RTL/Clock_Gating /home/IC/Projects/System/RTL/DATA_SYNC /home/IC/Projects/System/RTL/RegFile /home/IC/Projects/System/RTL/PULSE_GEN /home/IC/Projects/System/RTL/RST_SYNC /home/IC/Projects/System/RTL/SYS_CTRL /home/IC/Projects/System/RTL/UART/UART_RX /home/IC/Projects/System/RTL/UART/UART_TX /home/IC/Projects/System/RTL/UART/UART_TOP /home/IC/Projects/System/RTL/TOP
########################### Define Top Module ############################
set top_module SYS_TOP
SYS_TOP
######################### Formality Setup File ###########################
set synopsys_auto_setup true
true
set_svf "../syn/$top_module.svf"
SVF set to '../syn/SYS_TOP.svf'.
1
####################### Read Reference tech libs ########################
set SSLIB "/home/IC/tsmc_fb_cl013g_sc/aci/sc-m/synopsys/scmetro_tsmc_cl013g_rvt_ss_1p08v_125c.db"
/home/IC/tsmc_fb_cl013g_sc/aci/sc-m/synopsys/scmetro_tsmc_cl013g_rvt_ss_1p08v_125c.db
set TTLIB "/home/IC/tsmc_fb_cl013g_sc/aci/sc-m/synopsys/scmetro_tsmc_cl013g_rvt_tt_1p2v_25c.db"
/home/IC/tsmc_fb_cl013g_sc/aci/sc-m/synopsys/scmetro_tsmc_cl013g_rvt_tt_1p2v_25c.db
set FFLIB "/home/IC/tsmc_fb_cl013g_sc/aci/sc-m/synopsys/scmetro_tsmc_cl013g_rvt_ff_1p32v_m40c.db"
/home/IC/tsmc_fb_cl013g_sc/aci/sc-m/synopsys/scmetro_tsmc_cl013g_rvt_ff_1p32v_m40c.db
read_db -container Ref [list $SSLIB $TTLIB $FFLIB]
Loading db file '/home/IC/tsmc_fb_cl013g_sc/aci/sc-m/synopsys/scmetro_tsmc_cl013g_rvt_ss_1p08v_125c.db'
Created container 'Ref'
Current container set to 'Ref'
Loading db file '/home/IC/tsmc_fb_cl013g_sc/aci/sc-m/synopsys/scmetro_tsmc_cl013g_rvt_tt_1p2v_25c.db'
Loading db file '/home/IC/tsmc_fb_cl013g_sc/aci/sc-m/synopsys/scmetro_tsmc_cl013g_rvt_ff_1p32v_m40c.db'
1
###################  Read Reference Design Files ######################## 
read_verilog -container Ref "ALU.v"
No target library specified, default is WORK
Initializing DesignWare ...
Initialization Complete
Loading verilog file '/home/IC/Projects/System/RTL/ALU/ALU.v'
1
read_verilog -container Ref "FIFO_DF_SYNC.v"
No target library specified, default is WORK
Loading verilog file '/home/IC/Projects/System/RTL/ASYNC_FIFO/FIFO_DF_SYNC.v'
1
read_verilog -container Ref "FIFO_MEM_CTRL.v"
No target library specified, default is WORK
Loading verilog file '/home/IC/Projects/System/RTL/ASYNC_FIFO/FIFO_MEM_CTRL.v'
1
read_verilog -container Ref "FIFO_RD.v"
No target library specified, default is WORK
Loading verilog file '/home/IC/Projects/System/RTL/ASYNC_FIFO/FIFO_RD.v'
1
read_verilog -container Ref "FIFO_WR.v"
No target library specified, default is WORK
Loading verilog file '/home/IC/Projects/System/RTL/ASYNC_FIFO/FIFO_WR.v'
1
read_verilog -container Ref "B2G_encoder.v"
No target library specified, default is WORK
Loading verilog file '/home/IC/Projects/System/RTL/ASYNC_FIFO/B2G_encoder.v'
1
read_verilog -container Ref "ASYNC_FIFO_TOP.v"
No target library specified, default is WORK
Loading verilog file '/home/IC/Projects/System/RTL/ASYNC_FIFO/ASYNC_FIFO_TOP.v'
1
read_verilog -container Ref "CLK_DIV_MUX.v"
No target library specified, default is WORK
Loading verilog file '/home/IC/Projects/System/RTL/CLKDIV_MUX/CLK_DIV_MUX.v'
1
read_verilog -container Ref "CLK_DIVIDER.v"
No target library specified, default is WORK
Loading verilog file '/home/IC/Projects/System/RTL/Clock_Divider/CLK_DIVIDER.v'
1
read_verilog -container Ref "CLK_GATING.v"
No target library specified, default is WORK
Loading verilog file '/home/IC/Projects/System/RTL/Clock_Gating/CLK_GATING.v'
1
read_verilog -container Ref "DATA_SYNC.v"
No target library specified, default is WORK
Loading verilog file '/home/IC/Projects/System/RTL/DATA_SYNC/DATA_SYNC.v'
1
read_verilog -container Ref "RegFile.v"
No target library specified, default is WORK
Loading verilog file '/home/IC/Projects/System/RTL/RegFile/RegFile.v'
1
read_verilog -container Ref "PULSE_GEN.v"
No target library specified, default is WORK
Loading verilog file '/home/IC/Projects/System/RTL/PULSE_GEN/PULSE_GEN.v'
1
read_verilog -container Ref "RST_SYNC.v"
No target library specified, default is WORK
Loading verilog file '/home/IC/Projects/System/RTL/RST_SYNC/RST_SYNC.v'
1
read_verilog -container Ref "SYS_CTRL.v"
No target library specified, default is WORK
Loading verilog file '/home/IC/Projects/System/RTL/SYS_CTRL/SYS_CTRL.v'
1
read_verilog -container Ref "RX_DATA_SAMPLING.v"
No target library specified, default is WORK
Loading verilog file '/home/IC/Projects/System/RTL/UART/UART_RX/RX_DATA_SAMPLING.v'
1
read_verilog -container Ref "RX_DESERIALIZER.v"
No target library specified, default is WORK
Loading verilog file '/home/IC/Projects/System/RTL/UART/UART_RX/RX_DESERIALIZER.v'
1
read_verilog -container Ref "RX_EDGE_BIT_COUNTER.v"
No target library specified, default is WORK
Loading verilog file '/home/IC/Projects/System/RTL/UART/UART_RX/RX_EDGE_BIT_COUNTER.v'
1
read_verilog -container Ref "RX_PARITY_CHECK.v"
No target library specified, default is WORK
Loading verilog file '/home/IC/Projects/System/RTL/UART/UART_RX/RX_PARITY_CHECK.v'
1
read_verilog -container Ref "RX_STOP_CHECK.v"
No target library specified, default is WORK
Loading verilog file '/home/IC/Projects/System/RTL/UART/UART_RX/RX_STOP_CHECK.v'
1
read_verilog -container Ref "RX_START_CHECK.v"
No target library specified, default is WORK
Loading verilog file '/home/IC/Projects/System/RTL/UART/UART_RX/RX_START_CHECK.v'
1
read_verilog -container Ref "UART_RX_TOP.v"
No target library specified, default is WORK
Loading verilog file '/home/IC/Projects/System/RTL/UART/UART_RX/UART_RX_TOP.v'
1
read_verilog -container Ref "RX_FSM.v"
No target library specified, default is WORK
Loading verilog file '/home/IC/Projects/System/RTL/UART/UART_RX/RX_FSM.v'
1
read_verilog -container Ref "TX_MUX.v"
No target library specified, default is WORK
Loading verilog file '/home/IC/Projects/System/RTL/UART/UART_TX/TX_MUX.v'
1
read_verilog -container Ref "mux2X1.v"
No target library specified, default is WORK
Loading verilog file '/home/IC/Projects/System/RTL/CLKDIV_MUX/mux2X1.v'
1
read_verilog -container Ref "TX_PARITY_CALC.v"
No target library specified, default is WORK
Loading verilog file '/home/IC/Projects/System/RTL/UART/UART_TX/TX_PARITY_CALC.v'
1
read_verilog -container Ref "TX_SERIALIZER.v"
No target library specified, default is WORK
Loading verilog file '/home/IC/Projects/System/RTL/UART/UART_TX/TX_SERIALIZER.v'
1
read_verilog -container Ref "TX_FSM.v"
No target library specified, default is WORK
Loading verilog file '/home/IC/Projects/System/RTL/UART/UART_TX/TX_FSM.v'
1
read_verilog -container Ref "UART_TX_TOP.v"
No target library specified, default is WORK
Loading verilog file '/home/IC/Projects/System/RTL/UART/UART_TX/UART_TX_TOP.v'
1
read_verilog -container Ref "SYSTEM_TOP.v"
No target library specified, default is WORK
Loading verilog file '/home/IC/Projects/System/RTL/TOP/SYSTEM_TOP.v'
1
######################## set the top Reference Design ######################## 
set_reference_design SYS_TOP
Reference design set to 'Ref:/WORK/SYS_TOP'
1
set_top SYS_TOP
Setting top design to 'Ref:/WORK/SYS_TOP'
Status:   Elaborating design SYS_TOP   ...  
Status:   Elaborating design Reset_sync   ...  
Status:   Elaborating design Data_Sync  BUS_WIDTH=8 ...  
Information: Created design named 'Data_Sync_BUS_WIDTH8'. (FE-LINK-13)
Status:   Elaborating design FIFO_top   ...  
Status:   Elaborating design B2G_encoder   ...  
Status:   Elaborating design FIFO_RD   ...  
Status:   Elaborating design FIFO_WR   ...  
Status:   Elaborating design FIFO_MEM_CTRL   ...  
Status:   Elaborating design DF_SYNC   ...  
Status:   Elaborating design PULSE_GEN   ...  
Status:   Elaborating design ClkDiv   ...  
Status:   Elaborating design CLKDIV_MUX  WIDTH=8 ...  
Information: Created design named 'CLKDIV_MUX_WIDTH8'. (FE-LINK-13)
Status:   Elaborating design UART_TX_top   ...  
Status:   Elaborating design TX_FSM   ...  
Status:   Elaborating design MUX   ...  
Status:   Elaborating design Parity_calc   ...  
Status:   Elaborating design Serializer   ...  
Status:   Elaborating design UART_RX_top   ...  
Status:   Elaborating design FSM   ...  
Status:   Elaborating design edge_bit_counter   ...  
Status:   Elaborating design data_sampling   ...  
Status:   Elaborating design deserializer   ...  
Status:   Elaborating design parity_check   ...  
Status:   Elaborating design strt_check   ...  
Status:   Elaborating design stop_check   ...  
Status:   Elaborating design sys_ctrl   ...  
Status:   Elaborating design RegFile  WIDTH=8, ADDR=4 ...  
Information: Created design named 'RegFile_WIDTH8_ADDR4'. (FE-LINK-13)
Status:   Elaborating design ALU  OPER_WIDTH=8, OUT_WIDTH=16 ...  
Information: Created design named 'ALU_OPER_WIDTH8_OUT_WIDTH16'. (FE-LINK-13)
Status:   Elaborating design CLK_GATE   ...  
Status:  Implementing inferred operators...

************ Library Checking Summary ************
Warning:  3 unlinked power cell(s) with unread pg pins.
        Use 'report_libraries -defects all' for more details.
**************************************************

Top design successfully set to 'Ref:/WORK/SYS_TOP'
Reference design set to 'Ref:/WORK/SYS_TOP'
1
####################### Read Implementation tech libs ######################## 
read_db -container Imp [list $SSLIB $TTLIB $FFLIB]
Loading db file '/home/IC/tsmc_fb_cl013g_sc/aci/sc-m/synopsys/scmetro_tsmc_cl013g_rvt_ss_1p08v_125c.db'
Created container 'Imp'
Current container set to 'Imp'
Loading db file '/home/IC/tsmc_fb_cl013g_sc/aci/sc-m/synopsys/scmetro_tsmc_cl013g_rvt_tt_1p2v_25c.db'
Loading db file '/home/IC/tsmc_fb_cl013g_sc/aci/sc-m/synopsys/scmetro_tsmc_cl013g_rvt_ff_1p32v_m40c.db'
1
#################### Read Implementation Design Files ######################## 
read_verilog -container Imp -netlist "/home/IC/Projects/System/syn/netlists/SYS_TOP.v"
No target library specified, default is WORK
Loading verilog file '/home/IC/Projects/System/syn/netlists/SYS_TOP.v'
1
####################  set the top Implementation Design ######################
set_implementation_design SYS_TOP
Implementation design set to 'Imp:/WORK/SYS_TOP'
1
set_top SYS_TOP
Setting top design to 'Imp:/WORK/SYS_TOP'
Status:  Implementing inferred operators...

************ Library Checking Summary ************
Warning:  3 unlinked power cell(s) with unread pg pins.
        Use 'report_libraries -defects all' for more details.
**************************************************

Top design successfully set to 'Imp:/WORK/SYS_TOP'
Implementation design set to 'Imp:/WORK/SYS_TOP'
1
## matching Compare points
match
Reference design is 'Ref:/WORK/SYS_TOP'
Implementation design is 'Imp:/WORK/SYS_TOP'
Status:  Checking designs...
    Warning: 3 (15) undriven nets found in reference (implementation) design; see formality1.log for list (FM-399)
Status:  Building verification models...
Status:  Processing Guide Commands...
    Set don't verify point 'Ref:/WORK/SYS_TOP/SO'
    Set don't verify point 'Ref:/WORK/SYS_TOP/parity_error'
    Set don't verify point 'Ref:/WORK/SYS_TOP/framing_error'

***************************** Guidance Summary *****************************
                                         Status
Command                 Accepted   Rejected  Unsupported  Unprocessed  Total
----------------------------------------------------------------------------
environment         :          2          0          0          0          2
instance_map        :         28          0          0          0         28
mark                :         22          0          0          0         22
multiplier          :          2          0          0          0          2
replace             :          2          0          0          0          2
transformation
   map              :         17          0          0          0         17
   share            :          4          0          0          0          4
uniquify            :          2          2          0          0          4

Note: If verification succeeds you can safely ignore unaccepted guidance commands.

SVF files read:
      ../syn/SYS_TOP.svf

SVF files produced:
  /home/IC/Projects/System/fm/formality1_svf/
    svf.txt
****************************************************************************

Status:  Matching...
    
*********************************** Matching Results ***********************************    
 344 Compare points matched by name    
 0 Compare points matched by signature analysis    
 0 Compare points matched by topology    
 4 Matched primary inputs, black-box outputs    
 0(0) Unmatched reference(implementation) compare points    
 0(0) Unmatched reference(implementation) primary inputs, black-box outputs    
 8(0) Unmatched reference(implementation) unread points    
****************************************************************************************

1
## verify
set successful [verify]
Reference design is 'Ref:/WORK/SYS_TOP'
Implementation design is 'Imp:/WORK/SYS_TOP'
    
*********************************** Matching Results ***********************************    
 344 Compare points matched by name    
 0 Compare points matched by signature analysis    
 0 Compare points matched by topology    
 4 Matched primary inputs, black-box outputs    
 0(0) Unmatched reference(implementation) compare points    
 0(0) Unmatched reference(implementation) primary inputs, black-box outputs    
 8(0) Unmatched reference(implementation) unread points    
****************************************************************************************

Status:  Verifying...

***************************** Synopsys Auto Setup Summary ******************************

!!! Synopsys Auto Setup Mode was enabled. !!!
!!! Verification results are valid assuming the following setup constraints: !!!

### RTL Interpretation Setup
   set hdlin_ignore_parallel_case false
   set hdlin_ignore_full_case false
   set hdlin_error_on_mismatch_message false
   set hdlin_ignore_embedded_configuration true

### Undriven Signal Handling Setup
   set verification_set_undriven_signals synthesis

### Test Logic Setup
   set verification_verify_directly_undriven_output false
   For details see report_dont_verify_points and report_constants


For further details on Synopsys Auto Setup Mode: Type man synopsys_auto_setup
****************************************************************************************


********************************* Verification Results *********************************
Verification SUCCEEDED
   ATTENTION: synopsys_auto_setup mode was enabled.
              See Synopsys Auto Setup Summary for details.
----------------------------------------------------------
 Reference design: Ref:/WORK/SYS_TOP
 Implementation design: Imp:/WORK/SYS_TOP
 344 Passing compare points
----------------------------------------------------------------------------------------
Matched Compare Points     BBPin    Loop   BBNet     Cut    Port     DFF     LAT   TOTAL
----------------------------------------------------------------------------------------
Passing (equivalent)           0       0       0       0       1     342       1     344
Failing (not equivalent)       0       0       0       0       0       0       0       0
Not Compared
  Don't verify                 0       0       0       0       3       0       0       3
****************************************************************************************
1
if {!$successful} {
diagnose
analyze_points -failing
}
report_passing_points > "reports/passing_points.rpt"
report_failing_points > "reports/failing_points.rpt"
report_aborted_points > "reports/aborted_points.rpt"
report_unverified_points > "reports/unverified_points.rpt"
start_gui
     1  source -echo -verbose syn_fm_script.tcl
1
1
fm_shell (verify)> 